<?xml version="1.0" encoding="UTF-8"?>
<!-- Generated by org.testng.reporters.JUnitReportReporter -->
<testsuite skipped="0" hostname="Aihaitis-MacBook-Pro.local" name="MyRunner.TestRunner" tests="1" failures="0" timestamp="12 Jun 2019 18:15:33 GMT" time="7.175" errors="0">
  <testcase name="feature" time="7.175" classname="MyRunner.TestRunner"/>
</testsuite> <!-- MyRunner.TestRunner -->
